<?xml version="1.0" encoding="UTF-8"?>
<testsuite xmlns:xsi="http://www.w3.org/2001/XMLSchema-instance" xsi:noNamespaceSchemaLocation="https://maven.apache.org/surefire/maven-surefire-plugin/xsd/surefire-test-report.xsd" version="3.0.2" name="com.devtiro.blog.BlogApplicationTests" time="9.474" tests="1" errors="0" skipped="0" failures="0">
  <properties>
[...]
</properties>
  <testcase name="contextLoads" classname="com.devtiro.blog.BlogApplicationTests" time="0.417">
    <system-out><![CDATA[15:47:11.205 [main] INFO org.springframework.test.context.support.AnnotationConfigContextLoaderUtils -- Could not detect default configuration classes for test class [com.devtiro.blog.BlogApplicationTests]: BlogApplicationTests does not declare any static, non-private, non-final, nested classes annotated with @Configuration.
15:47:11.336 [main] INFO org.springframework.boot.test.context.SpringBootTestContextBootstrapper -- Found @SpringBootConfiguration com.devtiro.blog.BlogApplication for test class com.devtiro.blog.BlogApplicationTests

  .   ____          _            __ _ _
 /\\ / ___'_ __ _ _(_)_ __  __ _ \ \ \ \
( ( )\___ | '_ | '_| | '_ \/ _` | \ \ \ \
 \\/  ___)| |_)| | | | | || (_| |  ) ) ) )
  '  |____| .__|_| |_|_| |_\__, | / / / /
 =========|_|==============|___/=/_/_/_/

 :: Spring Boot ::                (v3.4.0)

2026-02-19T15:47:11.741+01:00  INFO 6248 --- [blog] [           main] com.devtiro.blog.BlogApplicationTests    : Starting BlogApplicationTests using Java 21.0.7 with PID 6248 (started by ramzy in C:\blog\code\backend)
2026-02-19T15:47:11.741+01:00  INFO 6248 --- [blog] [           main] com.devtiro.blog.BlogApplicationTests    : No active profile set, falling back to 1 default profile: "default"
2026-02-19T15:47:12.637+01:00  INFO 6248 --- [blog] [           main] .s.d.r.c.RepositoryConfigurationDelegate : Bootstrapping Spring Data JPA repositories in DEFAULT mode.
2026-02-19T15:47:12.708+01:00  INFO 6248 --- [blog] [           main] .s.d.r.c.RepositoryConfigurationDelegate : Finished Spring Data repository scanning in 73 ms. Found 4 JPA repository interfaces.
2026-02-19T15:47:13.151+01:00  INFO 6248 --- [blog] [           main] o.hibernate.jpa.internal.util.LogHelper  : HHH000204: Processing PersistenceUnitInfo [name: default]
2026-02-19T15:47:13.230+01:00  INFO 6248 --- [blog] [           main] org.hibernate.Version                    : HHH000412: Hibernate ORM core version 6.6.2.Final
2026-02-19T15:47:13.288+01:00  INFO 6248 --- [blog] [           main] o.h.c.internal.RegionFactoryInitiator    : HHH000026: Second-level cache disabled
2026-02-19T15:47:13.580+01:00  INFO 6248 --- [blog] [           main] o.s.o.j.p.SpringPersistenceUnitInfo      : No LoadTimeWeaver setup: ignoring JPA class transformer
2026-02-19T15:47:13.611+01:00  INFO 6248 --- [blog] [           main] com.zaxxer.hikari.HikariDataSource       : HikariPool-1 - Starting...
2026-02-19T15:47:14.925+01:00  INFO 6248 --- [blog] [           main] com.zaxxer.hikari.pool.HikariPool        : HikariPool-1 - Added connection org.postgresql.jdbc.PgConnection@298e002d
2026-02-19T15:47:14.925+01:00  INFO 6248 --- [blog] [           main] com.zaxxer.hikari.HikariDataSource       : HikariPool-1 - Start completed.
2026-02-19T15:47:15.073+01:00  WARN 6248 --- [blog] [           main] org.hibernate.orm.deprecation            : HHH90000025: PostgreSQLDialect does not need to be specified explicitly using 'hibernate.dialect' (remove the property setting and it will be selected by default)
2026-02-19T15:47:15.285+01:00  INFO 6248 --- [blog] [           main] org.hibernate.orm.connections.pooling    : HHH10001005: Database info:
	Database JDBC URL [Connecting through datasource 'HikariDataSource (HikariPool-1)']
	Database driver: undefined/unknown
	Database version: 17.7
	Autocommit mode: undefined/unknown
	Isolation level: undefined/unknown
	Minimum pool size: undefined/unknown
	Maximum pool size: undefined/unknown
2026-02-19T15:47:16.260+01:00  INFO 6248 --- [blog] [           main] o.h.e.t.j.p.i.JtaPlatformInitiator       : HHH000489: No JTA platform available (set 'hibernate.transaction.jta.platform' to enable JTA platform integration)
Hibernate: 
    create table categories (
        id uuid not null,
        name varchar(255) not null,
        primary key (id)
    )
Hibernate: 
    create table post_tags (
        post_id uuid not null,
        tag_id uuid not null,
        primary key (post_id, tag_id)
    )
Hibernate: 
    create table posts (
        id uuid not null,
        content TEXT not null,
        created_at timestamp(6) not null,
        reading_time integer not null,
        status varchar(255) not null check (status in ('DRAFT','PUBLISHED')),
        title varchar(255) not null,
        updated_at timestamp(6) not null,
        author_id uuid not null,
        category_id uuid not null,
        primary key (id)
    )
Hibernate: 
    create table tags (
        id uuid not null,
        name varchar(255) not null,
        primary key (id)
    )
Hibernate: 
    create table users (
        id uuid not null,
        created_at timestamp(6) not null,
        email varchar(255) not null,
        name varchar(255) not null,
        password varchar(255) not null,
        primary key (id)
    )
Hibernate: 
    alter table if exists categories 
       drop constraint if exists UKt8o6pivur7nn124jehx7cygw5
2026-02-19T15:47:17.276+01:00  WARN 6248 --- [blog] [           main] o.h.engine.jdbc.spi.SqlExceptionHelper   : SQL Warning Code: 0, SQLState: 00000
2026-02-19T15:47:17.276+01:00  WARN 6248 --- [blog] [           main] o.h.engine.jdbc.spi.SqlExceptionHelper   : constraint "ukt8o6pivur7nn124jehx7cygw5" of relation "categories" does not exist, skipping
Hibernate: 
    alter table if exists categories 
       add constraint UKt8o6pivur7nn124jehx7cygw5 unique (name)
Hibernate: 
    alter table if exists tags 
       drop constraint if exists UKt48xdq560gs3gap9g7jg36kgc
2026-02-19T15:47:17.477+01:00  WARN 6248 --- [blog] [           main] o.h.engine.jdbc.spi.SqlExceptionHelper   : SQL Warning Code: 0, SQLState: 00000
2026-02-19T15:47:17.477+01:00  WARN 6248 --- [blog] [           main] o.h.engine.jdbc.spi.SqlExceptionHelper   : constraint "ukt48xdq560gs3gap9g7jg36kgc" of relation "tags" does not exist, skipping
Hibernate: 
    alter table if exists tags 
       add constraint UKt48xdq560gs3gap9g7jg36kgc unique (name)
Hibernate: 
    alter table if exists users 
       drop constraint if exists UK6dotkott2kjsp8vw4d0m25fb7
2026-02-19T15:47:17.655+01:00  WARN 6248 --- [blog] [           main] o.h.engine.jdbc.spi.SqlExceptionHelper   : SQL Warning Code: 0, SQLState: 00000
2026-02-19T15:47:17.655+01:00  WARN 6248 --- [blog] [           main] o.h.engine.jdbc.spi.SqlExceptionHelper   : constraint "uk6dotkott2kjsp8vw4d0m25fb7" of relation "users" does not exist, skipping
Hibernate: 
    alter table if exists users 
       add constraint UK6dotkott2kjsp8vw4d0m25fb7 unique (email)
Hibernate: 
    alter table if exists post_tags 
       add constraint FKm6cfovkyqvu5rlm6ahdx3eavj 
       foreign key (tag_id) 
       references tags
Hibernate: 
    alter table if exists post_tags 
       add constraint FKkifam22p4s1nm3bkmp1igcn5w 
       foreign key (post_id) 
       references posts
Hibernate: 
    alter table if exists posts 
       add constraint FK6xvn0811tkyo3nfjk2xvqx6ns 
       foreign key (author_id) 
       references users
Hibernate: 
    alter table if exists posts 
       add constraint FKijnwr3brs8vaosl80jg9rp7uc 
       foreign key (category_id) 
       references categories
2026-02-19T15:47:18.146+01:00  INFO 6248 --- [blog] [           main] j.LocalContainerEntityManagerFactoryBean : Initialized JPA EntityManagerFactory for persistence unit 'default'
Hibernate: 
    select
        u1_0.id,
        u1_0.created_at,
        u1_0.email,
        u1_0.name,
        u1_0.password 
    from
        users u1_0 
    where
        u1_0.email=?
Hibernate: 
    insert 
    into
        users
        (created_at, email, name, password, id) 
    values
        (?, ?, ?, ?, ?)
2026-02-19T15:47:19.072+01:00  INFO 6248 --- [blog] [           main] r$InitializeUserDetailsManagerConfigurer : Global AuthenticationManager configured with UserDetailsService bean with name userDetailsService
2026-02-19T15:47:19.100+01:00  INFO 6248 --- [blog] [           main] o.s.d.j.r.query.QueryEnhancerFactory     : Hibernate is in classpath; If applicable, HQL parser will be used.
2026-02-19T15:47:19.528+01:00  WARN 6248 --- [blog] [           main] JpaBaseConfiguration$JpaWebConfiguration : spring.jpa.open-in-view is enabled by default. Therefore, database queries may be performed during view rendering. Explicitly configure spring.jpa.open-in-view to disable this warning
2026-02-19T15:47:20.083+01:00  INFO 6248 --- [blog] [           main] com.devtiro.blog.BlogApplicationTests    : Started BlogApplicationTests in 8.592 seconds (process running for 9.603)
]]></system-out>
    <system-err><![CDATA[Mockito is currently self-attaching to enable the inline-mock-maker. This will no longer work in future releases of the JDK. Please add Mockito as an agent to your build what is described in Mockito's documentation: https://javadoc.io/doc/org.mockito/mockito-core/latest/org/mockito/Mockito.html#0.3
WARNING: A Java agent has been loaded dynamically (C:\Users\ramzy\.m2\repository\net\bytebuddy\byte-buddy-agent\1.15.10\byte-buddy-agent-1.15.10.jar)
WARNING: If a serviceability tool is in use, please run with -XX:+EnableDynamicAgentLoading to hide this warning
WARNING: If a serviceability tool is not in use, please run with -Djdk.instrument.traceUsage for more information
WARNING: Dynamic loading of agents will be disallowed by default in a future release
]]></system-err>
  </testcase>
</testsuite>